<?xml version="1.0" encoding="UTF-8"?>
<!-- Generated by org.testng.reporters.JUnitReportReporter -->
<testsuite skipped="0" hostname="USER-PC" name="pom4.Face234Test" tests="1" failures="0" timestamp="29 Jan 2019 04:07:46 GMT" time="27.461" errors="0">
  <testcase name="facebook234" time="27.461" classname="pom4.Face234Test"/>
</testsuite> <!-- pom4.Face234Test -->
